<?xml version="1.0" encoding="UTF-8"?>
<!-- Generated by org.testng.reporters.JUnitReportReporter -->
<testsuite skipped="0" hostname="LAPTOP-IDS1Q9T7" name="crossBrowser.NewTest" tests="2" failures="0" timestamp="10 Oct 2018 19:12:20 GMT" time="23.187" errors="0">
  <testcase name="verifyHome" time="13.362" classname="crossBrowser.NewTest"/>
  <testcase name="verifyHome" time="9.825" classname="crossBrowser.NewTest"/>
</testsuite> <!-- crossBrowser.NewTest -->
