<?xml version="1.0" encoding="UTF-8"?>
<!-- Generated by org.testng.reporters.JUnitReportReporter -->
<testsuite skipped="0" hostname="LAPTOP-IDS1Q9T7" name="crossBrowser.NewTest" tests="2" failures="0" timestamp="16 Aug 2018 21:21:06 GMT" time="18.275" errors="0">
  <testcase name="verifyHome" time="7.759" classname="crossBrowser.NewTest"/>
  <testcase name="verifyHome" time="10.516" classname="crossBrowser.NewTest"/>
</testsuite> <!-- crossBrowser.NewTest -->
