<?xml version="1.0" encoding="UTF-8"?>
<!-- Generated by org.testng.reporters.JUnitReportReporter -->
<testsuite skipped="0" hostname="LAPTOP-IDS1Q9T7" name="demo.TestNGD1" tests="1" failures="0" timestamp="15 Aug 2018 17:17:58 GMT" time="4.289" errors="0">
  <testcase name="verifyHomePage" time="4.289" classname="demo.TestNGD1"/>
</testsuite> <!-- demo.TestNGD1 -->
