<?xml version="1.0" encoding="UTF-8"?>
<!-- Generated by org.testng.reporters.JUnitReportReporter -->
<testsuite skipped="0" hostname="LAPTOP-IDS1Q9T7" name="demo.TestNG2" tests="1" failures="0" timestamp="18 Jul 2018 20:12:07 GMT" time="0.009" errors="0">
  <testcase name="test" time="0.009" classname="demo.TestNG2"/>
</testsuite> <!-- demo.TestNG2 -->
