<?xml version="1.0" encoding="UTF-8"?>
<!-- Generated by org.testng.reporters.JUnitReportReporter -->
<testsuite skipped="0" hostname="LAPTOP-IDS1Q9T7" name="crossBrowser.NewTest" tests="2" failures="0" timestamp="20 Nov 2018 23:31:36 GMT" time="27.366" errors="0">
  <testcase name="verifyHome" time="10.090" classname="crossBrowser.NewTest"/>
  <testcase name="verifyHome" time="17.276" classname="crossBrowser.NewTest"/>
</testsuite> <!-- crossBrowser.NewTest -->
